d:\study\code_framework\yolo_segmentation\vssln\yolo_segmentation\yolo_segmentation\debug\yolo_segmentation.pch
d:\study\code_framework\yolo_segmentation\vssln\yolo_segmentation\yolo_segmentation\debug\vc140.pdb
d:\study\code_framework\yolo_segmentation\vssln\yolo_segmentation\yolo_segmentation\debug\vc140.idb
d:\study\code_framework\yolo_segmentation\vssln\yolo_segmentation\yolo_segmentation\debug\stdafx.obj
d:\study\code_framework\yolo_segmentation\vssln\yolo_segmentation\yolo_segmentation\debug\list.obj
d:\study\code_framework\yolo_segmentation\vssln\yolo_segmentation\yolo_segmentation\debug\local_layer.obj
d:\study\code_framework\yolo_segmentation\vssln\yolo_segmentation\yolo_segmentation\debug\logistic_layer.obj
d:\study\code_framework\yolo_segmentation\vssln\yolo_segmentation\yolo_segmentation\debug\lstm_layer.obj
d:\study\code_framework\yolo_segmentation\vssln\yolo_segmentation\yolo_segmentation\debug\matrix.obj
d:\study\code_framework\yolo_segmentation\vssln\yolo_segmentation\yolo_segmentation\debug\maxpool_layer.obj
d:\study\code_framework\yolo_segmentation\vssln\yolo_segmentation\yolo_segmentation\debug\network.obj
d:\study\code_framework\yolo_segmentation\vssln\yolo_segmentation\yolo_segmentation\debug\normalization_layer.obj
d:\study\code_framework\yolo_segmentation\vssln\yolo_segmentation\yolo_segmentation\debug\option_list.obj
d:\study\code_framework\yolo_segmentation\vssln\yolo_segmentation\yolo_segmentation\debug\parser.obj
d:\study\code_framework\yolo_segmentation\vssln\yolo_segmentation\yolo_segmentation\debug\region_layer.obj
d:\study\code_framework\yolo_segmentation\vssln\yolo_segmentation\yolo_segmentation\debug\reorg_layer.obj
d:\study\code_framework\yolo_segmentation\vssln\yolo_segmentation\yolo_segmentation\debug\rnn_layer.obj
d:\study\code_framework\yolo_segmentation\vssln\yolo_segmentation\yolo_segmentation\debug\route_layer.obj
d:\study\code_framework\yolo_segmentation\vssln\yolo_segmentation\yolo_segmentation\debug\shortcut_layer.obj
d:\study\code_framework\yolo_segmentation\vssln\yolo_segmentation\yolo_segmentation\debug\softmax_layer.obj
d:\study\code_framework\yolo_segmentation\vssln\yolo_segmentation\yolo_segmentation\debug\tree.obj
d:\study\code_framework\yolo_segmentation\vssln\yolo_segmentation\yolo_segmentation\debug\upsample_layer.obj
d:\study\code_framework\yolo_segmentation\vssln\yolo_segmentation\yolo_segmentation\debug\utils.obj
d:\study\code_framework\yolo_segmentation\vssln\yolo_segmentation\yolo_segmentation\debug\yolo_layer.obj
d:\study\code_framework\yolo_segmentation\vssln\yolo_segmentation\yolo_segmentation\debug\box.obj
d:\study\code_framework\yolo_segmentation\vssln\yolo_segmentation\yolo_segmentation\debug\col2im.obj
d:\study\code_framework\yolo_segmentation\vssln\yolo_segmentation\yolo_segmentation\debug\connected_layer.obj
d:\study\code_framework\yolo_segmentation\vssln\yolo_segmentation\yolo_segmentation\debug\convolutional_layer.obj
d:\study\code_framework\yolo_segmentation\vssln\yolo_segmentation\yolo_segmentation\debug\cost_layer.obj
d:\study\code_framework\yolo_segmentation\vssln\yolo_segmentation\yolo_segmentation\debug\crnn_layer.obj
d:\study\code_framework\yolo_segmentation\vssln\yolo_segmentation\yolo_segmentation\debug\crop_layer.obj
d:\study\code_framework\yolo_segmentation\vssln\yolo_segmentation\yolo_segmentation\debug\cuda.obj
d:\study\code_framework\yolo_segmentation\vssln\yolo_segmentation\yolo_segmentation\debug\data.obj
d:\study\code_framework\yolo_segmentation\vssln\yolo_segmentation\yolo_segmentation\debug\deconvolutional_layer.obj
d:\study\code_framework\yolo_segmentation\vssln\yolo_segmentation\yolo_segmentation\debug\demo.obj
d:\study\code_framework\yolo_segmentation\vssln\yolo_segmentation\yolo_segmentation\debug\detection_layer.obj
d:\study\code_framework\yolo_segmentation\vssln\yolo_segmentation\yolo_segmentation\debug\dropout_layer.obj
d:\study\code_framework\yolo_segmentation\vssln\yolo_segmentation\yolo_segmentation\debug\gemm.obj
d:\study\code_framework\yolo_segmentation\vssln\yolo_segmentation\yolo_segmentation\debug\gru_layer.obj
d:\study\code_framework\yolo_segmentation\vssln\yolo_segmentation\yolo_segmentation\debug\im2col.obj
d:\study\code_framework\yolo_segmentation\vssln\yolo_segmentation\yolo_segmentation\debug\image.obj
d:\study\code_framework\yolo_segmentation\vssln\yolo_segmentation\yolo_segmentation\debug\iseg_layer.obj
d:\study\code_framework\yolo_segmentation\vssln\yolo_segmentation\yolo_segmentation\debug\l2norm_layer.obj
d:\study\code_framework\yolo_segmentation\vssln\yolo_segmentation\yolo_segmentation\debug\layer.obj
d:\study\code_framework\yolo_segmentation\vssln\yolo_segmentation\yolo_segmentation\debug\detector.obj
d:\study\code_framework\yolo_segmentation\vssln\yolo_segmentation\yolo_segmentation\debug\instance-segmenter.obj
d:\study\code_framework\yolo_segmentation\vssln\yolo_segmentation\yolo_segmentation\debug\segmenter.obj
d:\study\code_framework\yolo_segmentation\vssln\yolo_segmentation\yolo_segmentation\debug\activations.obj
d:\study\code_framework\yolo_segmentation\vssln\yolo_segmentation\yolo_segmentation\debug\activation_layer.obj
d:\study\code_framework\yolo_segmentation\vssln\yolo_segmentation\yolo_segmentation\debug\avgpool_layer.obj
d:\study\code_framework\yolo_segmentation\vssln\yolo_segmentation\yolo_segmentation\debug\batchnorm_layer.obj
d:\study\code_framework\yolo_segmentation\vssln\yolo_segmentation\yolo_segmentation\debug\blas.obj
d:\study\code_framework\yolo_segmentation\vssln\yolo_segmentation\yolo_segmentation\debug\yolo_segmentation.obj
d:\study\code_framework\yolo_segmentation\vssln\yolo_segmentation\/../yolo_segmentation.pdb
d:\study\code_framework\yolo_segmentation\vssln\yolo_segmentation\/../yolo_segmentation.exe
d:\study\code_framework\yolo_segmentation\vssln\yolo_segmentation\/../yolo_segmentation.ilk
d:\study\code_framework\yolo_segmentation\vssln\yolo_segmentation\yolo_segmentation\debug\yolo_seg.37ffa49f.tlog\cl.command.1.tlog
d:\study\code_framework\yolo_segmentation\vssln\yolo_segmentation\yolo_segmentation\debug\yolo_seg.37ffa49f.tlog\cl.read.1.tlog
d:\study\code_framework\yolo_segmentation\vssln\yolo_segmentation\yolo_segmentation\debug\yolo_seg.37ffa49f.tlog\cl.write.1.tlog
d:\study\code_framework\yolo_segmentation\vssln\yolo_segmentation\yolo_segmentation\debug\yolo_seg.37ffa49f.tlog\link-cvtres.read.1.tlog
d:\study\code_framework\yolo_segmentation\vssln\yolo_segmentation\yolo_segmentation\debug\yolo_seg.37ffa49f.tlog\link-cvtres.write.1.tlog
d:\study\code_framework\yolo_segmentation\vssln\yolo_segmentation\yolo_segmentation\debug\yolo_seg.37ffa49f.tlog\link-rc.read.1.tlog
d:\study\code_framework\yolo_segmentation\vssln\yolo_segmentation\yolo_segmentation\debug\yolo_seg.37ffa49f.tlog\link-rc.write.1.tlog
d:\study\code_framework\yolo_segmentation\vssln\yolo_segmentation\yolo_segmentation\debug\yolo_seg.37ffa49f.tlog\link.command.1.tlog
d:\study\code_framework\yolo_segmentation\vssln\yolo_segmentation\yolo_segmentation\debug\yolo_seg.37ffa49f.tlog\link.read.1.tlog
d:\study\code_framework\yolo_segmentation\vssln\yolo_segmentation\yolo_segmentation\debug\yolo_seg.37ffa49f.tlog\link.write.1.tlog
